[2024-11-27 11:22:29,124]         Reach  River Sta Profile  ...  Hydr Radius  Hydr Depth  E.G. Slope
0  Milk River     1970.1  Q mean  ...         0.25        0.26    0.002018
1  Milk River     1970.1  HQ2.33  ...         0.57        0.58    0.004571
2  Milk River     1970.1     HQ5  ...         0.65        0.68    0.004501
3  Milk River     1970.1    HQ10  ...         0.70        0.72    0.004447
4  Milk River     1970.1   HQ100  ...         0.81        0.84    0.004214

[5 rows x 12 columns]
[2024-11-27 11:22:29,157] PROCESSING PROFILE 1970.1 FOR SCENARIO Q mean
[2024-11-27 11:22:29,158] Invalid argument for phi calculation: argument < 0
[2024-11-27 11:22:29,158] PROCESSING PROFILE 1970.1 FOR SCENARIO HQ2.33
[2024-11-27 11:22:29,159] PROCESSING PROFILE 1970.1 FOR SCENARIO HQ5
[2024-11-27 11:22:29,159] PROCESSING PROFILE 1970.1 FOR SCENARIO HQ10
[2024-11-27 11:22:29,159] PROCESSING PROFILE 1970.1 FOR SCENARIO HQ100
[2024-11-27 11:22:29,160] PROCESSING PROFILE 1893.37 FOR SCENARIO Q mean
[2024-11-27 11:22:29,160] PROCESSING PROFILE 1893.37 FOR SCENARIO HQ2.33
[2024-11-27 11:22:29,161] PROCESSING PROFILE 1893.37 FOR SCENARIO HQ5
[2024-11-27 11:22:29,161] PROCESSING PROFILE 1893.37 FOR SCENARIO HQ10
[2024-11-27 11:22:29,161] PROCESSING PROFILE 1893.37 FOR SCENARIO HQ100
[2024-11-27 11:22:29,162] PROCESSING PROFILE 1844.45 FOR SCENARIO Q mean
[2024-11-27 11:22:29,162] PROCESSING PROFILE 1844.45 FOR SCENARIO HQ2.33
[2024-11-27 11:22:29,163] PROCESSING PROFILE 1844.45 FOR SCENARIO HQ5
[2024-11-27 11:22:29,163] PROCESSING PROFILE 1844.45 FOR SCENARIO HQ10
[2024-11-27 11:22:29,163] PROCESSING PROFILE 1844.45 FOR SCENARIO HQ100
[2024-11-27 11:22:29,164] PROCESSING PROFILE 1792.45 FOR SCENARIO Q mean
[2024-11-27 11:22:29,164] PROCESSING PROFILE 1792.45 FOR SCENARIO HQ2.33
[2024-11-27 11:22:29,165] PROCESSING PROFILE 1792.45 FOR SCENARIO HQ5
[2024-11-27 11:22:29,165] PROCESSING PROFILE 1792.45 FOR SCENARIO HQ10
[2024-11-27 11:22:29,165] PROCESSING PROFILE 1792.45 FOR SCENARIO HQ100
[2024-11-27 11:22:29,166] PROCESSING PROFILE 1720.33 FOR SCENARIO Q mean
[2024-11-27 11:22:29,166] PROCESSING PROFILE 1720.33 FOR SCENARIO HQ2.33
[2024-11-27 11:22:29,167] PROCESSING PROFILE 1720.33 FOR SCENARIO HQ5
[2024-11-27 11:22:29,167] PROCESSING PROFILE 1720.33 FOR SCENARIO HQ10
[2024-11-27 11:22:29,168] PROCESSING PROFILE 1720.33 FOR SCENARIO HQ100
[2024-11-27 11:22:29,168] PROCESSING PROFILE 1654.74 FOR SCENARIO Q mean
[2024-11-27 11:22:29,169] PROCESSING PROFILE 1654.74 FOR SCENARIO HQ2.33
[2024-11-27 11:22:29,169] PROCESSING PROFILE 1654.74 FOR SCENARIO HQ5
[2024-11-27 11:22:29,169] PROCESSING PROFILE 1654.74 FOR SCENARIO HQ10
[2024-11-27 11:22:29,170] PROCESSING PROFILE 1654.74 FOR SCENARIO HQ100
[2024-11-27 11:22:29,170] PROCESSING PROFILE 1593.11 FOR SCENARIO Q mean
[2024-11-27 11:22:29,171] PROCESSING PROFILE 1593.11 FOR SCENARIO HQ2.33
[2024-11-27 11:22:29,172] PROCESSING PROFILE 1593.11 FOR SCENARIO HQ5
[2024-11-27 11:22:29,172] PROCESSING PROFILE 1593.11 FOR SCENARIO HQ10
[2024-11-27 11:22:29,172] PROCESSING PROFILE 1593.11 FOR SCENARIO HQ100
[2024-11-27 11:22:29,173] PROCESSING PROFILE 1531.21 FOR SCENARIO Q mean
[2024-11-27 11:22:29,173] PROCESSING PROFILE 1531.21 FOR SCENARIO HQ2.33
[2024-11-27 11:22:29,174] PROCESSING PROFILE 1531.21 FOR SCENARIO HQ5
[2024-11-27 11:22:29,174] PROCESSING PROFILE 1531.21 FOR SCENARIO HQ10
[2024-11-27 11:22:29,175] PROCESSING PROFILE 1531.21 FOR SCENARIO HQ100
[2024-11-27 11:22:29,175] PROCESSING PROFILE 1463.19 FOR SCENARIO Q mean
[2024-11-27 11:22:29,175] PROCESSING PROFILE 1463.19 FOR SCENARIO HQ2.33
[2024-11-27 11:22:29,176] PROCESSING PROFILE 1463.19 FOR SCENARIO HQ5
[2024-11-27 11:22:29,176] PROCESSING PROFILE 1463.19 FOR SCENARIO HQ10
[2024-11-27 11:22:29,177] PROCESSING PROFILE 1463.19 FOR SCENARIO HQ100
[2024-11-27 11:22:29,177] PROCESSING PROFILE 1404.77 FOR SCENARIO Q mean
[2024-11-27 11:22:29,177] PROCESSING PROFILE 1404.77 FOR SCENARIO HQ2.33
[2024-11-27 11:22:29,178] PROCESSING PROFILE 1404.77 FOR SCENARIO HQ5
[2024-11-27 11:22:29,178] PROCESSING PROFILE 1404.77 FOR SCENARIO HQ10
[2024-11-27 11:22:29,179] PROCESSING PROFILE 1404.77 FOR SCENARIO HQ100
[2024-11-27 11:22:29,179] PROCESSING PROFILE 1355.21 FOR SCENARIO Q mean
[2024-11-27 11:22:29,180] PROCESSING PROFILE 1355.21 FOR SCENARIO HQ2.33
[2024-11-27 11:22:29,180] PROCESSING PROFILE 1355.21 FOR SCENARIO HQ5
[2024-11-27 11:22:29,181] PROCESSING PROFILE 1355.21 FOR SCENARIO HQ10
[2024-11-27 11:22:29,181] PROCESSING PROFILE 1355.21 FOR SCENARIO HQ100
[2024-11-27 11:22:29,182] PROCESSING PROFILE 1295.1 FOR SCENARIO Q mean
[2024-11-27 11:22:29,182] Warning: Slope out of validity range.
[2024-11-27 11:22:29,182] PROCESSING PROFILE 1295.1 FOR SCENARIO HQ2.33
[2024-11-27 11:22:29,183] PROCESSING PROFILE 1295.1 FOR SCENARIO HQ5
[2024-11-27 11:22:29,183] PROCESSING PROFILE 1295.1 FOR SCENARIO HQ10
[2024-11-27 11:22:29,184] PROCESSING PROFILE 1295.1 FOR SCENARIO HQ100
[2024-11-27 11:22:29,184] PROCESSING PROFILE 1220.25 FOR SCENARIO Q mean
[2024-11-27 11:22:29,184] PROCESSING PROFILE 1220.25 FOR SCENARIO HQ2.33
[2024-11-27 11:22:29,185] PROCESSING PROFILE 1220.25 FOR SCENARIO HQ5
[2024-11-27 11:22:29,185] PROCESSING PROFILE 1220.25 FOR SCENARIO HQ10
[2024-11-27 11:22:29,186] PROCESSING PROFILE 1220.25 FOR SCENARIO HQ100
[2024-11-27 11:22:29,186] PROCESSING PROFILE 1156.2 FOR SCENARIO Q mean
[2024-11-27 11:22:29,187] PROCESSING PROFILE 1156.2 FOR SCENARIO HQ2.33
[2024-11-27 11:22:29,187] PROCESSING PROFILE 1156.2 FOR SCENARIO HQ5
[2024-11-27 11:22:29,188] PROCESSING PROFILE 1156.2 FOR SCENARIO HQ10
[2024-11-27 11:22:29,188] PROCESSING PROFILE 1156.2 FOR SCENARIO HQ100
[2024-11-27 11:22:29,189] PROCESSING PROFILE 1083.95 FOR SCENARIO Q mean
[2024-11-27 11:22:29,189] Invalid argument for phi calculation: argument < 0
[2024-11-27 11:22:29,189] PROCESSING PROFILE 1083.95 FOR SCENARIO HQ2.33
[2024-11-27 11:22:29,190] PROCESSING PROFILE 1083.95 FOR SCENARIO HQ5
[2024-11-27 11:22:29,190] PROCESSING PROFILE 1083.95 FOR SCENARIO HQ10
[2024-11-27 11:22:29,191] PROCESSING PROFILE 1083.95 FOR SCENARIO HQ100
[2024-11-27 11:22:29,191] PROCESSING PROFILE 1080.0 FOR SCENARIO Q mean
[2024-11-27 11:22:29,191] PROCESSING PROFILE 1080.0 FOR SCENARIO HQ2.33
[2024-11-27 11:22:29,192] PROCESSING PROFILE 1080.0 FOR SCENARIO HQ5
[2024-11-27 11:22:29,192] PROCESSING PROFILE 1080.0 FOR SCENARIO HQ10
[2024-11-27 11:22:29,193] PROCESSING PROFILE 1080.0 FOR SCENARIO HQ100
